2020-04-21 02:05:27,145 INFO [SpringContextShutdownHook] o.s.s.c.ThreadPoolTaskExecutor [ExecutorConfigurationSupport.java:218] Shutting down ExecutorService 'applicationTaskExecutor'
2020-04-21 02:05:27,152 INFO [SpringContextShutdownHook] c.z.h.HikariDataSource [HikariDataSource.java:350] HikariPool-2 - Shutdown initiated...
2020-04-21 02:05:27,155 INFO [SpringContextShutdownHook] c.z.h.HikariDataSource [HikariDataSource.java:352] HikariPool-2 - Shutdown completed.
2020-04-21 10:09:51,030 INFO [restartedMain] c.w.e.EasycommunityApplication [StartupInfoLogger.java:55] Starting EasycommunityApplication on macdeMacBook-Pro.local with PID 20697 (/Users/szw/Downloads/easycommunity/target/classes started by szw in /Users/szw/Downloads/easycommunity)
2020-04-21 10:09:51,033 INFO [restartedMain] c.w.e.EasycommunityApplication [SpringApplication.java:651] No active profile set, falling back to default profiles: default
2020-04-21 10:09:51,072 INFO [restartedMain] o.s.b.d.e.DevToolsPropertyDefaultsPostProcessor [DeferredLog.java:225] Devtools property defaults active! Set 'spring.devtools.add-properties' to 'false' to disable
2020-04-21 10:09:51,072 INFO [restartedMain] o.s.b.d.e.DevToolsPropertyDefaultsPostProcessor [DeferredLog.java:225] For additional web related logging consider setting the 'logging.level.web' property to 'DEBUG'
2020-04-21 10:09:52,414 INFO [restartedMain] o.s.b.w.e.t.TomcatWebServer [TomcatWebServer.java:92] Tomcat initialized with port(s): 8080 (http)
2020-04-21 10:09:52,438 INFO [restartedMain] o.a.c.h.Http11NioProtocol [DirectJDKLog.java:173] Initializing ProtocolHandler ["http-nio-8080"]
2020-04-21 10:09:52,439 INFO [restartedMain] o.a.c.c.StandardService [DirectJDKLog.java:173] Starting service [Tomcat]
2020-04-21 10:09:52,439 INFO [restartedMain] o.a.c.c.StandardEngine [DirectJDKLog.java:173] Starting Servlet engine: [Apache Tomcat/9.0.33]
2020-04-21 10:09:52,550 INFO [restartedMain] o.a.c.c.C.[.[.[/community] [DirectJDKLog.java:173] Initializing Spring embedded WebApplicationContext
2020-04-21 10:09:52,550 INFO [restartedMain] o.s.w.c.ContextLoader [ServletWebServerApplicationContext.java:284] Root WebApplicationContext: initialization completed in 1478 ms
2020-04-21 10:09:53,195 INFO [restartedMain] o.s.s.c.ThreadPoolTaskExecutor [ExecutorConfigurationSupport.java:181] Initializing ExecutorService 'applicationTaskExecutor'
2020-04-21 10:09:53,260 INFO [restartedMain] o.s.b.a.w.s.WelcomePageHandlerMapping [WelcomePageHandlerMapping.java:58] Adding welcome page template: index
2020-04-21 10:09:53,380 INFO [restartedMain] o.s.b.d.a.OptionalLiveReloadServer [OptionalLiveReloadServer.java:58] LiveReload server is running on port 35729
2020-04-21 10:09:53,403 INFO [restartedMain] o.a.c.h.Http11NioProtocol [DirectJDKLog.java:173] Starting ProtocolHandler ["http-nio-8080"]
2020-04-21 10:09:53,434 INFO [restartedMain] o.s.b.w.e.t.TomcatWebServer [TomcatWebServer.java:204] Tomcat started on port(s): 8080 (http) with context path '/community'
2020-04-21 10:09:53,438 INFO [restartedMain] c.w.e.EasycommunityApplication [StartupInfoLogger.java:61] Started EasycommunityApplication in 2.723 seconds (JVM running for 3.688)
2020-04-21 10:10:08,427 INFO [http-nio-8080-exec-1] o.a.c.c.C.[.[.[/community] [DirectJDKLog.java:173] Initializing Spring DispatcherServlet 'dispatcherServlet'
2020-04-21 10:10:08,430 INFO [http-nio-8080-exec-1] o.s.w.s.DispatcherServlet [FrameworkServlet.java:525] Initializing Servlet 'dispatcherServlet'
2020-04-21 10:10:08,440 INFO [http-nio-8080-exec-1] o.s.w.s.DispatcherServlet [FrameworkServlet.java:547] Completed initialization in 9 ms
2020-04-21 10:10:08,496 INFO [http-nio-8080-exec-1] c.z.h.HikariDataSource [HikariDataSource.java:110] HikariPool-1 - Starting...
2020-04-21 10:10:08,618 INFO [http-nio-8080-exec-1] c.z.h.HikariDataSource [HikariDataSource.java:123] HikariPool-1 - Start completed.
2020-04-21 10:13:03,145 INFO [SpringContextShutdownHook] o.s.s.c.ThreadPoolTaskExecutor [ExecutorConfigurationSupport.java:218] Shutting down ExecutorService 'applicationTaskExecutor'
2020-04-21 10:13:03,150 INFO [SpringContextShutdownHook] c.z.h.HikariDataSource [HikariDataSource.java:350] HikariPool-1 - Shutdown initiated...
2020-04-21 10:13:03,163 INFO [SpringContextShutdownHook] c.z.h.HikariDataSource [HikariDataSource.java:352] HikariPool-1 - Shutdown completed.
2020-04-21 10:13:08,469 INFO [restartedMain] c.w.e.EasycommunityApplication [StartupInfoLogger.java:55] Starting EasycommunityApplication on macdeMacBook-Pro.local with PID 21361 (/Users/szw/Downloads/easycommunity/target/classes started by szw in /Users/szw/Downloads/easycommunity)
2020-04-21 10:13:08,472 INFO [restartedMain] c.w.e.EasycommunityApplication [SpringApplication.java:651] No active profile set, falling back to default profiles: default
2020-04-21 10:13:08,500 INFO [restartedMain] o.s.b.d.e.DevToolsPropertyDefaultsPostProcessor [DeferredLog.java:225] Devtools property defaults active! Set 'spring.devtools.add-properties' to 'false' to disable
2020-04-21 10:13:08,500 INFO [restartedMain] o.s.b.d.e.DevToolsPropertyDefaultsPostProcessor [DeferredLog.java:225] For additional web related logging consider setting the 'logging.level.web' property to 'DEBUG'
2020-04-21 10:13:09,393 INFO [restartedMain] o.s.b.w.e.t.TomcatWebServer [TomcatWebServer.java:92] Tomcat initialized with port(s): 8080 (http)
2020-04-21 10:13:09,403 INFO [restartedMain] o.a.c.h.Http11NioProtocol [DirectJDKLog.java:173] Initializing ProtocolHandler ["http-nio-8080"]
2020-04-21 10:13:09,404 INFO [restartedMain] o.a.c.c.StandardService [DirectJDKLog.java:173] Starting service [Tomcat]
2020-04-21 10:13:09,405 INFO [restartedMain] o.a.c.c.StandardEngine [DirectJDKLog.java:173] Starting Servlet engine: [Apache Tomcat/9.0.33]
2020-04-21 10:13:09,466 INFO [restartedMain] o.a.c.c.C.[.[.[/community] [DirectJDKLog.java:173] Initializing Spring embedded WebApplicationContext
2020-04-21 10:13:09,466 INFO [restartedMain] o.s.w.c.ContextLoader [ServletWebServerApplicationContext.java:284] Root WebApplicationContext: initialization completed in 966 ms
2020-04-21 10:13:09,941 INFO [restartedMain] o.s.s.c.ThreadPoolTaskExecutor [ExecutorConfigurationSupport.java:181] Initializing ExecutorService 'applicationTaskExecutor'
2020-04-21 10:13:09,995 INFO [restartedMain] o.s.b.a.w.s.WelcomePageHandlerMapping [WelcomePageHandlerMapping.java:58] Adding welcome page template: index
2020-04-21 10:13:10,115 INFO [restartedMain] o.s.b.d.a.OptionalLiveReloadServer [OptionalLiveReloadServer.java:58] LiveReload server is running on port 35729
2020-04-21 10:13:10,140 INFO [restartedMain] o.a.c.h.Http11NioProtocol [DirectJDKLog.java:173] Starting ProtocolHandler ["http-nio-8080"]
2020-04-21 10:13:10,182 INFO [restartedMain] o.s.b.w.e.t.TomcatWebServer [TomcatWebServer.java:204] Tomcat started on port(s): 8080 (http) with context path '/community'
2020-04-21 10:13:10,186 INFO [restartedMain] c.w.e.EasycommunityApplication [StartupInfoLogger.java:61] Started EasycommunityApplication in 2.116 seconds (JVM running for 2.985)
2020-04-21 10:13:17,492 INFO [http-nio-8080-exec-1] o.a.c.c.C.[.[.[/community] [DirectJDKLog.java:173] Initializing Spring DispatcherServlet 'dispatcherServlet'
2020-04-21 10:13:17,493 INFO [http-nio-8080-exec-1] o.s.w.s.DispatcherServlet [FrameworkServlet.java:525] Initializing Servlet 'dispatcherServlet'
2020-04-21 10:13:17,499 INFO [http-nio-8080-exec-1] o.s.w.s.DispatcherServlet [FrameworkServlet.java:547] Completed initialization in 6 ms
2020-04-21 10:13:17,546 INFO [http-nio-8080-exec-1] c.z.h.HikariDataSource [HikariDataSource.java:110] HikariPool-1 - Starting...
2020-04-21 10:13:17,651 INFO [http-nio-8080-exec-1] c.z.h.HikariDataSource [HikariDataSource.java:123] HikariPool-1 - Start completed.
2020-04-21 10:13:51,029 INFO [Thread-5] o.s.s.c.ThreadPoolTaskExecutor [ExecutorConfigurationSupport.java:218] Shutting down ExecutorService 'applicationTaskExecutor'
2020-04-21 10:13:51,030 INFO [Thread-5] c.z.h.HikariDataSource [HikariDataSource.java:350] HikariPool-1 - Shutdown initiated...
2020-04-21 10:13:51,036 INFO [Thread-5] c.z.h.HikariDataSource [HikariDataSource.java:352] HikariPool-1 - Shutdown completed.
2020-04-21 10:13:52,377 INFO [restartedMain] c.w.e.EasycommunityApplication [StartupInfoLogger.java:55] Starting EasycommunityApplication on macdeMacBook-Pro.local with PID 21361 (/Users/szw/Downloads/easycommunity/target/classes started by szw in /Users/szw/Downloads/easycommunity)
2020-04-21 10:13:52,378 INFO [restartedMain] c.w.e.EasycommunityApplication [SpringApplication.java:651] No active profile set, falling back to default profiles: default
2020-04-21 10:13:52,877 INFO [restartedMain] o.s.b.w.e.t.TomcatWebServer [TomcatWebServer.java:92] Tomcat initialized with port(s): 8080 (http)
2020-04-21 10:13:52,878 INFO [restartedMain] o.a.c.h.Http11NioProtocol [DirectJDKLog.java:173] Initializing ProtocolHandler ["http-nio-8080"]
2020-04-21 10:13:52,878 INFO [restartedMain] o.a.c.c.StandardService [DirectJDKLog.java:173] Starting service [Tomcat]
2020-04-21 10:13:52,879 INFO [restartedMain] o.a.c.c.StandardEngine [DirectJDKLog.java:173] Starting Servlet engine: [Apache Tomcat/9.0.33]
2020-04-21 10:13:52,888 INFO [restartedMain] o.a.c.c.C.[.[.[/community] [DirectJDKLog.java:173] Initializing Spring embedded WebApplicationContext
2020-04-21 10:13:52,888 INFO [restartedMain] o.s.w.c.ContextLoader [ServletWebServerApplicationContext.java:284] Root WebApplicationContext: initialization completed in 506 ms
2020-04-21 10:13:53,421 INFO [restartedMain] o.s.s.c.ThreadPoolTaskExecutor [ExecutorConfigurationSupport.java:181] Initializing ExecutorService 'applicationTaskExecutor'
2020-04-21 10:13:53,493 INFO [restartedMain] o.s.b.a.w.s.WelcomePageHandlerMapping [WelcomePageHandlerMapping.java:58] Adding welcome page template: index
2020-04-21 10:13:53,793 INFO [restartedMain] o.s.b.d.a.OptionalLiveReloadServer [OptionalLiveReloadServer.java:58] LiveReload server is running on port 35729
2020-04-21 10:13:53,810 INFO [restartedMain] o.a.c.h.Http11NioProtocol [DirectJDKLog.java:173] Starting ProtocolHandler ["http-nio-8080"]
2020-04-21 10:13:53,811 INFO [restartedMain] o.s.b.w.e.t.TomcatWebServer [TomcatWebServer.java:204] Tomcat started on port(s): 8080 (http) with context path '/community'
2020-04-21 10:13:53,812 INFO [restartedMain] c.w.e.EasycommunityApplication [StartupInfoLogger.java:61] Started EasycommunityApplication in 1.507 seconds (JVM running for 46.611)
2020-04-21 10:13:53,813 INFO [restartedMain] o.s.b.d.a.ConditionEvaluationDeltaLoggingListener [ConditionEvaluationDeltaLoggingListener.java:63] Condition evaluation unchanged
2020-04-21 10:13:59,508 INFO [http-nio-8080-exec-1] o.a.c.c.C.[.[.[/community] [DirectJDKLog.java:173] Initializing Spring DispatcherServlet 'dispatcherServlet'
2020-04-21 10:13:59,509 INFO [http-nio-8080-exec-1] o.s.w.s.DispatcherServlet [FrameworkServlet.java:525] Initializing Servlet 'dispatcherServlet'
2020-04-21 10:13:59,520 INFO [http-nio-8080-exec-1] o.s.w.s.DispatcherServlet [FrameworkServlet.java:547] Completed initialization in 11 ms
2020-04-21 10:13:59,522 INFO [http-nio-8080-exec-1] c.z.h.HikariDataSource [HikariDataSource.java:110] HikariPool-2 - Starting...
2020-04-21 10:13:59,526 INFO [http-nio-8080-exec-1] c.z.h.HikariDataSource [HikariDataSource.java:123] HikariPool-2 - Start completed.
2020-04-21 10:14:44,324 INFO [SpringContextShutdownHook] o.s.s.c.ThreadPoolTaskExecutor [ExecutorConfigurationSupport.java:218] Shutting down ExecutorService 'applicationTaskExecutor'
2020-04-21 10:14:44,325 INFO [SpringContextShutdownHook] c.z.h.HikariDataSource [HikariDataSource.java:350] HikariPool-2 - Shutdown initiated...
2020-04-21 10:14:44,327 INFO [SpringContextShutdownHook] c.z.h.HikariDataSource [HikariDataSource.java:352] HikariPool-2 - Shutdown completed.
2020-04-21 10:14:48,688 INFO [restartedMain] c.w.e.EasycommunityApplication [StartupInfoLogger.java:55] Starting EasycommunityApplication on macdeMacBook-Pro.local with PID 21692 (/Users/szw/Downloads/easycommunity/target/classes started by szw in /Users/szw/Downloads/easycommunity)
2020-04-21 10:14:48,690 INFO [restartedMain] c.w.e.EasycommunityApplication [SpringApplication.java:651] No active profile set, falling back to default profiles: default
2020-04-21 10:14:48,719 INFO [restartedMain] o.s.b.d.e.DevToolsPropertyDefaultsPostProcessor [DeferredLog.java:225] Devtools property defaults active! Set 'spring.devtools.add-properties' to 'false' to disable
2020-04-21 10:14:48,719 INFO [restartedMain] o.s.b.d.e.DevToolsPropertyDefaultsPostProcessor [DeferredLog.java:225] For additional web related logging consider setting the 'logging.level.web' property to 'DEBUG'
2020-04-21 10:14:49,777 INFO [restartedMain] o.s.b.w.e.t.TomcatWebServer [TomcatWebServer.java:92] Tomcat initialized with port(s): 8080 (http)
2020-04-21 10:14:49,786 INFO [restartedMain] o.a.c.h.Http11NioProtocol [DirectJDKLog.java:173] Initializing ProtocolHandler ["http-nio-8080"]
2020-04-21 10:14:49,787 INFO [restartedMain] o.a.c.c.StandardService [DirectJDKLog.java:173] Starting service [Tomcat]
2020-04-21 10:14:49,787 INFO [restartedMain] o.a.c.c.StandardEngine [DirectJDKLog.java:173] Starting Servlet engine: [Apache Tomcat/9.0.33]
2020-04-21 10:14:49,853 INFO [restartedMain] o.a.c.c.C.[.[.[/community] [DirectJDKLog.java:173] Initializing Spring embedded WebApplicationContext
2020-04-21 10:14:49,853 INFO [restartedMain] o.s.w.c.ContextLoader [ServletWebServerApplicationContext.java:284] Root WebApplicationContext: initialization completed in 1134 ms
2020-04-21 10:14:50,550 INFO [restartedMain] o.s.s.c.ThreadPoolTaskExecutor [ExecutorConfigurationSupport.java:181] Initializing ExecutorService 'applicationTaskExecutor'
2020-04-21 10:14:50,629 INFO [restartedMain] o.s.b.a.w.s.WelcomePageHandlerMapping [WelcomePageHandlerMapping.java:58] Adding welcome page template: index
2020-04-21 10:14:50,862 INFO [restartedMain] o.s.b.d.a.OptionalLiveReloadServer [OptionalLiveReloadServer.java:58] LiveReload server is running on port 35729
2020-04-21 10:14:50,883 INFO [restartedMain] o.a.c.h.Http11NioProtocol [DirectJDKLog.java:173] Starting ProtocolHandler ["http-nio-8080"]
2020-04-21 10:14:50,909 INFO [restartedMain] o.s.b.w.e.t.TomcatWebServer [TomcatWebServer.java:204] Tomcat started on port(s): 8080 (http) with context path '/community'
2020-04-21 10:14:50,913 INFO [restartedMain] c.w.e.EasycommunityApplication [StartupInfoLogger.java:61] Started EasycommunityApplication in 2.493 seconds (JVM running for 3.101)
2020-04-21 10:15:04,594 INFO [http-nio-8080-exec-1] o.a.c.c.C.[.[.[/community] [DirectJDKLog.java:173] Initializing Spring DispatcherServlet 'dispatcherServlet'
2020-04-21 10:15:04,595 INFO [http-nio-8080-exec-1] o.s.w.s.DispatcherServlet [FrameworkServlet.java:525] Initializing Servlet 'dispatcherServlet'
2020-04-21 10:15:04,608 INFO [http-nio-8080-exec-1] o.s.w.s.DispatcherServlet [FrameworkServlet.java:547] Completed initialization in 13 ms
2020-04-21 10:15:04,654 INFO [http-nio-8080-exec-1] c.z.h.HikariDataSource [HikariDataSource.java:110] HikariPool-1 - Starting...
2020-04-21 10:15:04,742 INFO [http-nio-8080-exec-1] c.z.h.HikariDataSource [HikariDataSource.java:123] HikariPool-1 - Start completed.
2020-04-21 10:15:52,895 INFO [Thread-5] o.s.s.c.ThreadPoolTaskExecutor [ExecutorConfigurationSupport.java:218] Shutting down ExecutorService 'applicationTaskExecutor'
2020-04-21 10:15:52,897 INFO [Thread-5] c.z.h.HikariDataSource [HikariDataSource.java:350] HikariPool-1 - Shutdown initiated...
2020-04-21 10:15:52,904 INFO [Thread-5] c.z.h.HikariDataSource [HikariDataSource.java:352] HikariPool-1 - Shutdown completed.
2020-04-21 10:15:54,310 INFO [restartedMain] c.w.e.EasycommunityApplication [StartupInfoLogger.java:55] Starting EasycommunityApplication on macdeMacBook-Pro.local with PID 21692 (/Users/szw/Downloads/easycommunity/target/classes started by szw in /Users/szw/Downloads/easycommunity)
2020-04-21 10:15:54,310 INFO [restartedMain] c.w.e.EasycommunityApplication [SpringApplication.java:651] No active profile set, falling back to default profiles: default
2020-04-21 10:15:54,754 INFO [restartedMain] o.s.b.w.e.t.TomcatWebServer [TomcatWebServer.java:92] Tomcat initialized with port(s): 8080 (http)
2020-04-21 10:15:54,755 INFO [restartedMain] o.a.c.h.Http11NioProtocol [DirectJDKLog.java:173] Initializing ProtocolHandler ["http-nio-8080"]
2020-04-21 10:15:54,756 INFO [restartedMain] o.a.c.c.StandardService [DirectJDKLog.java:173] Starting service [Tomcat]
2020-04-21 10:15:54,756 INFO [restartedMain] o.a.c.c.StandardEngine [DirectJDKLog.java:173] Starting Servlet engine: [Apache Tomcat/9.0.33]
2020-04-21 10:15:54,768 INFO [restartedMain] o.a.c.c.C.[.[.[/community] [DirectJDKLog.java:173] Initializing Spring embedded WebApplicationContext
2020-04-21 10:15:54,768 INFO [restartedMain] o.s.w.c.ContextLoader [ServletWebServerApplicationContext.java:284] Root WebApplicationContext: initialization completed in 455 ms
2020-04-21 10:15:55,370 INFO [restartedMain] o.s.s.c.ThreadPoolTaskExecutor [ExecutorConfigurationSupport.java:181] Initializing ExecutorService 'applicationTaskExecutor'
2020-04-21 10:15:55,426 INFO [restartedMain] o.s.b.a.w.s.WelcomePageHandlerMapping [WelcomePageHandlerMapping.java:58] Adding welcome page template: index
2020-04-21 10:15:55,612 INFO [restartedMain] o.s.b.d.a.OptionalLiveReloadServer [OptionalLiveReloadServer.java:58] LiveReload server is running on port 35729
2020-04-21 10:15:55,627 INFO [restartedMain] o.a.c.h.Http11NioProtocol [DirectJDKLog.java:173] Starting ProtocolHandler ["http-nio-8080"]
2020-04-21 10:15:55,629 INFO [restartedMain] o.s.b.w.e.t.TomcatWebServer [TomcatWebServer.java:204] Tomcat started on port(s): 8080 (http) with context path '/community'
2020-04-21 10:15:55,629 INFO [restartedMain] c.w.e.EasycommunityApplication [StartupInfoLogger.java:61] Started EasycommunityApplication in 1.494 seconds (JVM running for 67.823)
2020-04-21 10:15:55,631 INFO [restartedMain] o.s.b.d.a.ConditionEvaluationDeltaLoggingListener [ConditionEvaluationDeltaLoggingListener.java:63] Condition evaluation unchanged
2020-04-21 10:16:10,561 INFO [Thread-8] o.s.s.c.ThreadPoolTaskExecutor [ExecutorConfigurationSupport.java:218] Shutting down ExecutorService 'applicationTaskExecutor'
2020-04-21 10:16:11,787 INFO [restartedMain] c.w.e.EasycommunityApplication [StartupInfoLogger.java:55] Starting EasycommunityApplication on macdeMacBook-Pro.local with PID 21692 (/Users/szw/Downloads/easycommunity/target/classes started by szw in /Users/szw/Downloads/easycommunity)
2020-04-21 10:16:11,788 INFO [restartedMain] c.w.e.EasycommunityApplication [SpringApplication.java:651] No active profile set, falling back to default profiles: default
2020-04-21 10:16:12,064 INFO [restartedMain] o.s.b.w.e.t.TomcatWebServer [TomcatWebServer.java:92] Tomcat initialized with port(s): 8080 (http)
2020-04-21 10:16:12,065 INFO [restartedMain] o.a.c.h.Http11NioProtocol [DirectJDKLog.java:173] Initializing ProtocolHandler ["http-nio-8080"]
2020-04-21 10:16:12,066 INFO [restartedMain] o.a.c.c.StandardService [DirectJDKLog.java:173] Starting service [Tomcat]
2020-04-21 10:16:12,066 INFO [restartedMain] o.a.c.c.StandardEngine [DirectJDKLog.java:173] Starting Servlet engine: [Apache Tomcat/9.0.33]
2020-04-21 10:16:12,087 INFO [restartedMain] o.a.c.c.C.[.[.[/community] [DirectJDKLog.java:173] Initializing Spring embedded WebApplicationContext
2020-04-21 10:16:12,088 INFO [restartedMain] o.s.w.c.ContextLoader [ServletWebServerApplicationContext.java:284] Root WebApplicationContext: initialization completed in 298 ms
2020-04-21 10:16:12,564 INFO [restartedMain] o.s.s.c.ThreadPoolTaskExecutor [ExecutorConfigurationSupport.java:181] Initializing ExecutorService 'applicationTaskExecutor'
2020-04-21 10:16:12,633 INFO [restartedMain] o.s.b.a.w.s.WelcomePageHandlerMapping [WelcomePageHandlerMapping.java:58] Adding welcome page template: index
2020-04-21 10:16:12,918 INFO [restartedMain] o.s.b.d.a.OptionalLiveReloadServer [OptionalLiveReloadServer.java:58] LiveReload server is running on port 35729
2020-04-21 10:16:12,933 INFO [restartedMain] o.a.c.h.Http11NioProtocol [DirectJDKLog.java:173] Starting ProtocolHandler ["http-nio-8080"]
2020-04-21 10:16:12,934 INFO [restartedMain] o.s.b.w.e.t.TomcatWebServer [TomcatWebServer.java:204] Tomcat started on port(s): 8080 (http) with context path '/community'
2020-04-21 10:16:12,935 INFO [restartedMain] c.w.e.EasycommunityApplication [StartupInfoLogger.java:61] Started EasycommunityApplication in 1.172 seconds (JVM running for 85.128)
2020-04-21 10:16:12,936 INFO [restartedMain] o.s.b.d.a.ConditionEvaluationDeltaLoggingListener [ConditionEvaluationDeltaLoggingListener.java:63] Condition evaluation unchanged
2020-04-21 10:16:58,241 INFO [Thread-13] o.s.s.c.ThreadPoolTaskExecutor [ExecutorConfigurationSupport.java:218] Shutting down ExecutorService 'applicationTaskExecutor'
2020-04-21 10:16:59,463 INFO [restartedMain] c.w.e.EasycommunityApplication [StartupInfoLogger.java:55] Starting EasycommunityApplication on macdeMacBook-Pro.local with PID 21692 (/Users/szw/Downloads/easycommunity/target/classes started by szw in /Users/szw/Downloads/easycommunity)
2020-04-21 10:16:59,464 INFO [restartedMain] c.w.e.EasycommunityApplication [SpringApplication.java:651] No active profile set, falling back to default profiles: default
2020-04-21 10:16:59,784 INFO [restartedMain] o.s.b.w.e.t.TomcatWebServer [TomcatWebServer.java:92] Tomcat initialized with port(s): 8080 (http)
2020-04-21 10:16:59,785 INFO [restartedMain] o.a.c.h.Http11NioProtocol [DirectJDKLog.java:173] Initializing ProtocolHandler ["http-nio-8080"]
2020-04-21 10:16:59,785 INFO [restartedMain] o.a.c.c.StandardService [DirectJDKLog.java:173] Starting service [Tomcat]
2020-04-21 10:16:59,785 INFO [restartedMain] o.a.c.c.StandardEngine [DirectJDKLog.java:173] Starting Servlet engine: [Apache Tomcat/9.0.33]
2020-04-21 10:16:59,793 INFO [restartedMain] o.a.c.c.C.[.[.[/community] [DirectJDKLog.java:173] Initializing Spring embedded WebApplicationContext
2020-04-21 10:16:59,794 INFO [restartedMain] o.s.w.c.ContextLoader [ServletWebServerApplicationContext.java:284] Root WebApplicationContext: initialization completed in 329 ms
2020-04-21 10:17:00,228 INFO [restartedMain] o.s.s.c.ThreadPoolTaskExecutor [ExecutorConfigurationSupport.java:181] Initializing ExecutorService 'applicationTaskExecutor'
2020-04-21 10:17:00,290 INFO [restartedMain] o.s.b.a.w.s.WelcomePageHandlerMapping [WelcomePageHandlerMapping.java:58] Adding welcome page template: index
2020-04-21 10:17:00,505 INFO [restartedMain] o.s.b.d.a.OptionalLiveReloadServer [OptionalLiveReloadServer.java:58] LiveReload server is running on port 35729
2020-04-21 10:17:00,517 INFO [restartedMain] o.a.c.h.Http11NioProtocol [DirectJDKLog.java:173] Starting ProtocolHandler ["http-nio-8080"]
2020-04-21 10:17:00,520 INFO [restartedMain] o.s.b.w.e.t.TomcatWebServer [TomcatWebServer.java:204] Tomcat started on port(s): 8080 (http) with context path '/community'
2020-04-21 10:17:00,521 INFO [restartedMain] c.w.e.EasycommunityApplication [StartupInfoLogger.java:61] Started EasycommunityApplication in 1.085 seconds (JVM running for 132.714)
2020-04-21 10:17:00,522 INFO [restartedMain] o.s.b.d.a.ConditionEvaluationDeltaLoggingListener [ConditionEvaluationDeltaLoggingListener.java:63] Condition evaluation unchanged
2020-04-21 10:21:56,873 INFO [Thread-18] o.s.s.c.ThreadPoolTaskExecutor [ExecutorConfigurationSupport.java:218] Shutting down ExecutorService 'applicationTaskExecutor'
2020-04-21 10:21:58,217 INFO [restartedMain] c.w.e.EasycommunityApplication [StartupInfoLogger.java:55] Starting EasycommunityApplication on macdeMacBook-Pro.local with PID 21692 (/Users/szw/Downloads/easycommunity/target/classes started by szw in /Users/szw/Downloads/easycommunity)
2020-04-21 10:21:58,217 INFO [restartedMain] c.w.e.EasycommunityApplication [SpringApplication.java:651] No active profile set, falling back to default profiles: default
2020-04-21 10:21:58,482 INFO [restartedMain] o.s.b.w.e.t.TomcatWebServer [TomcatWebServer.java:92] Tomcat initialized with port(s): 8080 (http)
2020-04-21 10:21:58,482 INFO [restartedMain] o.a.c.h.Http11NioProtocol [DirectJDKLog.java:173] Initializing ProtocolHandler ["http-nio-8080"]
2020-04-21 10:21:58,482 INFO [restartedMain] o.a.c.c.StandardService [DirectJDKLog.java:173] Starting service [Tomcat]
2020-04-21 10:21:58,482 INFO [restartedMain] o.a.c.c.StandardEngine [DirectJDKLog.java:173] Starting Servlet engine: [Apache Tomcat/9.0.33]
2020-04-21 10:21:58,489 INFO [restartedMain] o.a.c.c.C.[.[.[/community] [DirectJDKLog.java:173] Initializing Spring embedded WebApplicationContext
2020-04-21 10:21:58,489 INFO [restartedMain] o.s.w.c.ContextLoader [ServletWebServerApplicationContext.java:284] Root WebApplicationContext: initialization completed in 271 ms
2020-04-21 10:21:58,854 INFO [restartedMain] o.s.s.c.ThreadPoolTaskExecutor [ExecutorConfigurationSupport.java:181] Initializing ExecutorService 'applicationTaskExecutor'
2020-04-21 10:21:58,923 INFO [restartedMain] o.s.b.a.w.s.WelcomePageHandlerMapping [WelcomePageHandlerMapping.java:58] Adding welcome page template: index
2020-04-21 10:21:59,127 INFO [restartedMain] o.s.b.d.a.OptionalLiveReloadServer [OptionalLiveReloadServer.java:58] LiveReload server is running on port 35729
2020-04-21 10:21:59,142 INFO [restartedMain] o.a.c.h.Http11NioProtocol [DirectJDKLog.java:173] Starting ProtocolHandler ["http-nio-8080"]
2020-04-21 10:21:59,143 INFO [restartedMain] o.s.b.w.e.t.TomcatWebServer [TomcatWebServer.java:204] Tomcat started on port(s): 8080 (http) with context path '/community'
2020-04-21 10:21:59,144 INFO [restartedMain] c.w.e.EasycommunityApplication [StartupInfoLogger.java:61] Started EasycommunityApplication in 1.092 seconds (JVM running for 431.334)
2020-04-21 10:21:59,145 INFO [restartedMain] o.s.b.d.a.ConditionEvaluationDeltaLoggingListener [ConditionEvaluationDeltaLoggingListener.java:63] Condition evaluation unchanged
2020-04-21 10:22:53,414 INFO [http-nio-8080-exec-1] o.a.c.c.C.[.[.[/community] [DirectJDKLog.java:173] Initializing Spring DispatcherServlet 'dispatcherServlet'
2020-04-21 10:22:53,415 INFO [http-nio-8080-exec-1] o.s.w.s.DispatcherServlet [FrameworkServlet.java:525] Initializing Servlet 'dispatcherServlet'
2020-04-21 10:22:53,426 INFO [http-nio-8080-exec-1] o.s.w.s.DispatcherServlet [FrameworkServlet.java:547] Completed initialization in 11 ms
2020-04-21 10:22:53,431 INFO [http-nio-8080-exec-1] c.w.e.a.ServiceLogAspect [ServiceLogAspect.java:37] 用户[0:0:0:0:0:0:0:1],在[2020-04-21 10:22:53],访问了[com.wxhh.easycommunity.service.DiscussPostService.findDiscussPostRows].
2020-04-21 10:22:53,434 INFO [http-nio-8080-exec-1] c.z.h.HikariDataSource [HikariDataSource.java:110] HikariPool-2 - Starting...
2020-04-21 10:22:53,438 INFO [http-nio-8080-exec-1] c.z.h.HikariDataSource [HikariDataSource.java:123] HikariPool-2 - Start completed.
2020-04-21 10:22:53,441 INFO [http-nio-8080-exec-1] c.w.e.a.ServiceLogAspect [ServiceLogAspect.java:37] 用户[0:0:0:0:0:0:0:1],在[2020-04-21 10:22:53],访问了[com.wxhh.easycommunity.service.DiscussPostService.findDiscussPosts].
2020-04-21 10:22:53,447 INFO [http-nio-8080-exec-1] c.w.e.a.ServiceLogAspect [ServiceLogAspect.java:37] 用户[0:0:0:0:0:0:0:1],在[2020-04-21 10:22:53],访问了[com.wxhh.easycommunity.service.UserService.findUserById].
2020-04-21 10:22:53,452 INFO [http-nio-8080-exec-1] c.w.e.a.ServiceLogAspect [ServiceLogAspect.java:37] 用户[0:0:0:0:0:0:0:1],在[2020-04-21 10:22:53],访问了[com.wxhh.easycommunity.service.UserService.findUserById].
2020-04-21 10:22:53,456 INFO [http-nio-8080-exec-1] c.w.e.a.ServiceLogAspect [ServiceLogAspect.java:37] 用户[0:0:0:0:0:0:0:1],在[2020-04-21 10:22:53],访问了[com.wxhh.easycommunity.service.UserService.findUserById].
2020-04-21 10:22:53,458 INFO [http-nio-8080-exec-1] c.w.e.a.ServiceLogAspect [ServiceLogAspect.java:37] 用户[0:0:0:0:0:0:0:1],在[2020-04-21 10:22:53],访问了[com.wxhh.easycommunity.service.UserService.findUserById].
2020-04-21 10:22:53,460 INFO [http-nio-8080-exec-1] c.w.e.a.ServiceLogAspect [ServiceLogAspect.java:37] 用户[0:0:0:0:0:0:0:1],在[2020-04-21 10:22:53],访问了[com.wxhh.easycommunity.service.UserService.findUserById].
2020-04-21 10:22:53,462 INFO [http-nio-8080-exec-1] c.w.e.a.ServiceLogAspect [ServiceLogAspect.java:37] 用户[0:0:0:0:0:0:0:1],在[2020-04-21 10:22:53],访问了[com.wxhh.easycommunity.service.UserService.findUserById].
2020-04-21 10:22:53,464 INFO [http-nio-8080-exec-1] c.w.e.a.ServiceLogAspect [ServiceLogAspect.java:37] 用户[0:0:0:0:0:0:0:1],在[2020-04-21 10:22:53],访问了[com.wxhh.easycommunity.service.UserService.findUserById].
2020-04-21 10:22:53,466 INFO [http-nio-8080-exec-1] c.w.e.a.ServiceLogAspect [ServiceLogAspect.java:37] 用户[0:0:0:0:0:0:0:1],在[2020-04-21 10:22:53],访问了[com.wxhh.easycommunity.service.UserService.findUserById].
2020-04-21 10:22:53,467 INFO [http-nio-8080-exec-1] c.w.e.a.ServiceLogAspect [ServiceLogAspect.java:37] 用户[0:0:0:0:0:0:0:1],在[2020-04-21 10:22:53],访问了[com.wxhh.easycommunity.service.UserService.findUserById].
2020-04-21 10:22:53,469 INFO [http-nio-8080-exec-1] c.w.e.a.ServiceLogAspect [ServiceLogAspect.java:37] 用户[0:0:0:0:0:0:0:1],在[2020-04-21 10:22:53],访问了[com.wxhh.easycommunity.service.UserService.findUserById].
