2020-04-29 00:04:08,015 INFO [communityScheduler_Worker-2] c.n.c.q.PostScoreRefreshJob [PostScoreRefreshJob.java:55] [任务取消] 没有需要刷新的帖子!
2020-04-29 00:09:08,012 INFO [communityScheduler_Worker-3] c.n.c.q.PostScoreRefreshJob [PostScoreRefreshJob.java:55] [任务取消] 没有需要刷新的帖子!
2020-04-29 00:14:08,011 INFO [communityScheduler_Worker-4] c.n.c.q.PostScoreRefreshJob [PostScoreRefreshJob.java:55] [任务取消] 没有需要刷新的帖子!
2020-04-29 00:14:30,412 INFO [SpringContextShutdownHook] o.q.c.QuartzScheduler [QuartzScheduler.java:585] Scheduler communityScheduler_$_macdeMacBook-Pro.local1588068503972 paused.
2020-04-29 00:14:30,417 INFO [org.springframework.kafka.KafkaListenerEndpointContainer#2-0-C-1] o.a.k.c.c.i.AbstractCoordinator [AbstractCoordinator.java:879] [Consumer clientId=consumer-1, groupId=community-consumer-group] Member consumer-1-748b1cc5-7de3-411d-ac50-011511230fe1 sending LeaveGroup request to coordinator localhost:9092 (id: 2147483647 rack: null)
2020-04-29 00:14:30,417 INFO [org.springframework.kafka.KafkaListenerEndpointContainer#3-0-C-1] o.a.k.c.c.i.AbstractCoordinator [AbstractCoordinator.java:879] [Consumer clientId=consumer-2, groupId=community-consumer-group] Member consumer-2-6d053d8f-810c-49c6-9e42-2ca9cbcfe3ea sending LeaveGroup request to coordinator localhost:9092 (id: 2147483647 rack: null)
2020-04-29 00:14:30,417 INFO [org.springframework.kafka.KafkaListenerEndpointContainer#1-0-C-1] o.a.k.c.c.i.AbstractCoordinator [AbstractCoordinator.java:879] [Consumer clientId=consumer-4, groupId=community-consumer-group] Member consumer-4-c321dd22-ab5b-45f0-a54b-ee565300970f sending LeaveGroup request to coordinator localhost:9092 (id: 2147483647 rack: null)
2020-04-29 00:14:30,417 INFO [org.springframework.kafka.KafkaListenerEndpointContainer#0-0-C-1] o.a.k.c.c.i.AbstractCoordinator [AbstractCoordinator.java:879] [Consumer clientId=consumer-3, groupId=community-consumer-group] Member consumer-3-c2dfd16c-4d33-4e8a-84d6-ed58db09c1db sending LeaveGroup request to coordinator localhost:9092 (id: 2147483647 rack: null)
2020-04-29 00:14:30,417 INFO [org.springframework.kafka.KafkaListenerEndpointContainer#3-0-C-1] o.a.k.c.c.KafkaConsumer [KafkaConsumer.java:1068] [Consumer clientId=consumer-2, groupId=community-consumer-group] Unsubscribed all topics or patterns and assigned partitions
2020-04-29 00:14:30,417 INFO [org.springframework.kafka.KafkaListenerEndpointContainer#2-0-C-1] o.a.k.c.c.KafkaConsumer [KafkaConsumer.java:1068] [Consumer clientId=consumer-1, groupId=community-consumer-group] Unsubscribed all topics or patterns and assigned partitions
2020-04-29 00:14:30,417 INFO [org.springframework.kafka.KafkaListenerEndpointContainer#0-0-C-1] o.a.k.c.c.KafkaConsumer [KafkaConsumer.java:1068] [Consumer clientId=consumer-3, groupId=community-consumer-group] Unsubscribed all topics or patterns and assigned partitions
2020-04-29 00:14:30,417 INFO [org.springframework.kafka.KafkaListenerEndpointContainer#1-0-C-1] o.a.k.c.c.KafkaConsumer [KafkaConsumer.java:1068] [Consumer clientId=consumer-4, groupId=community-consumer-group] Unsubscribed all topics or patterns and assigned partitions
2020-04-29 00:14:30,418 INFO [org.springframework.kafka.KafkaListenerEndpointContainer#3-0-C-1] o.s.s.c.ThreadPoolTaskScheduler [ExecutorConfigurationSupport.java:218] Shutting down ExecutorService
2020-04-29 00:14:30,418 INFO [org.springframework.kafka.KafkaListenerEndpointContainer#1-0-C-1] o.s.s.c.ThreadPoolTaskScheduler [ExecutorConfigurationSupport.java:218] Shutting down ExecutorService
2020-04-29 00:14:30,418 INFO [org.springframework.kafka.KafkaListenerEndpointContainer#0-0-C-1] o.s.s.c.ThreadPoolTaskScheduler [ExecutorConfigurationSupport.java:218] Shutting down ExecutorService
2020-04-29 00:14:30,418 INFO [org.springframework.kafka.KafkaListenerEndpointContainer#2-0-C-1] o.s.s.c.ThreadPoolTaskScheduler [ExecutorConfigurationSupport.java:218] Shutting down ExecutorService
2020-04-29 00:14:30,433 INFO [org.springframework.kafka.KafkaListenerEndpointContainer#0-0-C-1] o.s.k.l.KafkaMessageListenerContainer$ListenerConsumer [LogAccessor.java:279] community-consumer-group: Consumer stopped
2020-04-29 00:14:30,433 INFO [org.springframework.kafka.KafkaListenerEndpointContainer#1-0-C-1] o.s.k.l.KafkaMessageListenerContainer$ListenerConsumer [LogAccessor.java:279] community-consumer-group: Consumer stopped
2020-04-29 00:14:30,433 INFO [org.springframework.kafka.KafkaListenerEndpointContainer#3-0-C-1] o.s.k.l.KafkaMessageListenerContainer$ListenerConsumer [LogAccessor.java:279] community-consumer-group: Consumer stopped
2020-04-29 00:14:30,434 INFO [org.springframework.kafka.KafkaListenerEndpointContainer#2-0-C-1] o.s.k.l.KafkaMessageListenerContainer$ListenerConsumer [LogAccessor.java:279] community-consumer-group: Consumer stopped
2020-04-29 00:14:30,437 INFO [SpringContextShutdownHook] o.s.s.q.SchedulerFactoryBean [SchedulerFactoryBean.java:845] Shutting down Quartz Scheduler
2020-04-29 00:14:30,437 INFO [SpringContextShutdownHook] o.q.c.QuartzScheduler [QuartzScheduler.java:666] Scheduler communityScheduler_$_macdeMacBook-Pro.local1588068503972 shutting down.
2020-04-29 00:14:30,438 INFO [SpringContextShutdownHook] o.q.c.QuartzScheduler [QuartzScheduler.java:585] Scheduler communityScheduler_$_macdeMacBook-Pro.local1588068503972 paused.
2020-04-29 00:14:30,438 INFO [SpringContextShutdownHook] o.q.c.QuartzScheduler [QuartzScheduler.java:740] Scheduler communityScheduler_$_macdeMacBook-Pro.local1588068503972 shutdown complete.
2020-04-29 00:14:30,440 INFO [SpringContextShutdownHook] o.s.s.c.ThreadPoolTaskExecutor [ExecutorConfigurationSupport.java:218] Shutting down ExecutorService 'applicationTaskExecutor'
2020-04-29 00:14:30,441 INFO [SpringContextShutdownHook] o.s.s.c.ThreadPoolTaskScheduler [ExecutorConfigurationSupport.java:218] Shutting down ExecutorService 'taskScheduler'
2020-04-29 00:14:31,556 INFO [SpringContextShutdownHook] c.z.h.HikariDataSource [HikariDataSource.java:350] HikariPool-1 - Shutdown initiated...
2020-04-29 00:14:31,559 INFO [SpringContextShutdownHook] c.z.h.HikariDataSource [HikariDataSource.java:352] HikariPool-1 - Shutdown completed.
